  Determinando los proyectos que se van a restaurar...
  Todos los proyectos están actualizados para la restauración.
  API_REST_CURSOSACADEMICOS -> C:\Users\cater\Downloads\DOCKER CONTENEDOR\BACKEND_DEVELOMENT\API_REST_CURSOSACADEMICOS\bin\Debug\net9.0\API_REST_CURSOSACADEMICOS.dll
C:\Users\cater\Downloads\DOCKER CONTENEDOR\BACKEND_DEVELOMENT\API_REST_CURSOSACADEMICOS\API_REST_CURSOSACADEMICOS.Tests\Controllers\Estudiantes\EstudiantesControllerMeritoTests.cs(63,35): error CS0117: 'Usuario' no contiene una definición para 'Correo' [C:\Users\cater\Downloads\DOCKER CONTENEDOR\BACKEND_DEVELOMENT\API_REST_CURSOSACADEMICOS\API_REST_CURSOSACADEMICOS.Tests\API_REST_CURSOSACADEMICOS.Tests.csproj]
C:\Users\cater\Downloads\DOCKER CONTENEDOR\BACKEND_DEVELOMENT\API_REST_CURSOSACADEMICOS\API_REST_CURSOSACADEMICOS.Tests\Controllers\Estudiantes\EstudiantesControllerMeritoTests.cs(64,35): error CS0117: 'Usuario' no contiene una definición para 'Correo' [C:\Users\cater\Downloads\DOCKER CONTENEDOR\BACKEND_DEVELOMENT\API_REST_CURSOSACADEMICOS\API_REST_CURSOSACADEMICOS.Tests\API_REST_CURSOSACADEMICOS.Tests.csproj]
C:\Users\cater\Downloads\DOCKER CONTENEDOR\BACKEND_DEVELOMENT\API_REST_CURSOSACADEMICOS\API_REST_CURSOSACADEMICOS.Tests\Controllers\Estudiantes\EstudiantesControllerMeritoTests.cs(65,35): error CS0117: 'Usuario' no contiene una definición para 'Correo' [C:\Users\cater\Downloads\DOCKER CONTENEDOR\BACKEND_DEVELOMENT\API_REST_CURSOSACADEMICOS\API_REST_CURSOSACADEMICOS.Tests\API_REST_CURSOSACADEMICOS.Tests.csproj]
C:\Users\cater\Downloads\DOCKER CONTENEDOR\BACKEND_DEVELOMENT\API_REST_CURSOSACADEMICOS\API_REST_CURSOSACADEMICOS.Tests\Controllers\Estudiantes\EstudiantesControllerPerfilUpdateTests.cs(68,13): error CS0117: 'Usuario' no contiene una definición para 'Correo' [C:\Users\cater\Downloads\DOCKER CONTENEDOR\BACKEND_DEVELOMENT\API_REST_CURSOSACADEMICOS\API_REST_CURSOSACADEMICOS.Tests\API_REST_CURSOSACADEMICOS.Tests.csproj]
C:\Users\cater\Downloads\DOCKER CONTENEDOR\BACKEND_DEVELOMENT\API_REST_CURSOSACADEMICOS\API_REST_CURSOSACADEMICOS.Tests\Controllers\Estudiantes\EstudiantesControllerPrerequisitosTests.cs(67,13): error CS0117: 'Usuario' no contiene una definición para 'Correo' [C:\Users\cater\Downloads\DOCKER CONTENEDOR\BACKEND_DEVELOMENT\API_REST_CURSOSACADEMICOS\API_REST_CURSOSACADEMICOS.Tests\API_REST_CURSOSACADEMICOS.Tests.csproj]
C:\Users\cater\Downloads\DOCKER CONTENEDOR\BACKEND_DEVELOMENT\API_REST_CURSOSACADEMICOS\API_REST_CURSOSACADEMICOS.Tests\Controllers\Estudiantes\EstudiantesControllerPerfilUpdateTests.cs(108,58): error CS1503: Argumento 1: no se puede convertir de 'API_REST_CURSOSACADEMICOS.Tests.Controllers.Estudiantes.CambiarContrasenaDto' a 'API_REST_CURSOSACADEMICOS.DTOs.CambiarContrasenaDto' [C:\Users\cater\Downloads\DOCKER CONTENEDOR\BACKEND_DEVELOMENT\API_REST_CURSOSACADEMICOS\API_REST_CURSOSACADEMICOS.Tests\API_REST_CURSOSACADEMICOS.Tests.csproj]
C:\Users\cater\Downloads\DOCKER CONTENEDOR\BACKEND_DEVELOMENT\API_REST_CURSOSACADEMICOS\API_REST_CURSOSACADEMICOS.Tests\Controllers\Estudiantes\EstudiantesControllerPerfilUpdateTests.cs(131,58): error CS1503: Argumento 1: no se puede convertir de 'API_REST_CURSOSACADEMICOS.Tests.Controllers.Estudiantes.CambiarContrasenaDto' a 'API_REST_CURSOSACADEMICOS.DTOs.CambiarContrasenaDto' [C:\Users\cater\Downloads\DOCKER CONTENEDOR\BACKEND_DEVELOMENT\API_REST_CURSOSACADEMICOS\API_REST_CURSOSACADEMICOS.Tests\API_REST_CURSOSACADEMICOS.Tests.csproj]
C:\Users\cater\Downloads\DOCKER CONTENEDOR\BACKEND_DEVELOMENT\API_REST_CURSOSACADEMICOS\API_REST_CURSOSACADEMICOS.Tests\Controllers\Estudiantes\EstudiantesControllerPerfilUpdateTests.cs(150,58): error CS1503: Argumento 1: no se puede convertir de 'API_REST_CURSOSACADEMICOS.Tests.Controllers.Estudiantes.CambiarContrasenaDto' a 'API_REST_CURSOSACADEMICOS.DTOs.CambiarContrasenaDto' [C:\Users\cater\Downloads\DOCKER CONTENEDOR\BACKEND_DEVELOMENT\API_REST_CURSOSACADEMICOS\API_REST_CURSOSACADEMICOS.Tests\API_REST_CURSOSACADEMICOS.Tests.csproj]
C:\Users\cater\Downloads\DOCKER CONTENEDOR\BACKEND_DEVELOMENT\API_REST_CURSOSACADEMICOS\API_REST_CURSOSACADEMICOS.Tests\Controllers\Estudiantes\EstudiantesControllerPerfilUpdateTests.cs(169,58): error CS1503: Argumento 1: no se puede convertir de 'API_REST_CURSOSACADEMICOS.Tests.Controllers.Estudiantes.CambiarContrasenaDto' a 'API_REST_CURSOSACADEMICOS.DTOs.CambiarContrasenaDto' [C:\Users\cater\Downloads\DOCKER CONTENEDOR\BACKEND_DEVELOMENT\API_REST_CURSOSACADEMICOS\API_REST_CURSOSACADEMICOS.Tests\API_REST_CURSOSACADEMICOS.Tests.csproj]
C:\Users\cater\Downloads\DOCKER CONTENEDOR\BACKEND_DEVELOMENT\API_REST_CURSOSACADEMICOS\API_REST_CURSOSACADEMICOS.Tests\Controllers\Docentes\DocentesControllerAsistenciaTests.cs(206,36): error CS0246: El nombre del tipo o del espacio de nombres 'AsistenciaIndividualDto' no se encontró (¿falta una directiva using o una referencia de ensamblado?) [C:\Users\cater\Downloads\DOCKER CONTENEDOR\BACKEND_DEVELOMENT\API_REST_CURSOSACADEMICOS\API_REST_CURSOSACADEMICOS.Tests\API_REST_CURSOSACADEMICOS.Tests.csproj]
C:\Users\cater\Downloads\DOCKER CONTENEDOR\BACKEND_DEVELOMENT\API_REST_CURSOSACADEMICOS\API_REST_CURSOSACADEMICOS.Tests\Controllers\Estudiantes\EstudiantesControllerPerfilUpdateTests.cs(188,58): error CS1503: Argumento 1: no se puede convertir de 'API_REST_CURSOSACADEMICOS.Tests.Controllers.Estudiantes.CambiarContrasenaDto' a 'API_REST_CURSOSACADEMICOS.DTOs.CambiarContrasenaDto' [C:\Users\cater\Downloads\DOCKER CONTENEDOR\BACKEND_DEVELOMENT\API_REST_CURSOSACADEMICOS\API_REST_CURSOSACADEMICOS.Tests\API_REST_CURSOSACADEMICOS.Tests.csproj]
C:\Users\cater\Downloads\DOCKER CONTENEDOR\BACKEND_DEVELOMENT\API_REST_CURSOSACADEMICOS\API_REST_CURSOSACADEMICOS.Tests\Controllers\Estudiantes\EstudiantesControllerPerfilUpdateTests.cs(207,58): error CS1503: Argumento 1: no se puede convertir de 'API_REST_CURSOSACADEMICOS.Tests.Controllers.Estudiantes.CambiarContrasenaDto' a 'API_REST_CURSOSACADEMICOS.DTOs.CambiarContrasenaDto' [C:\Users\cater\Downloads\DOCKER CONTENEDOR\BACKEND_DEVELOMENT\API_REST_CURSOSACADEMICOS\API_REST_CURSOSACADEMICOS.Tests\API_REST_CURSOSACADEMICOS.Tests.csproj]
C:\Users\cater\Downloads\DOCKER CONTENEDOR\BACKEND_DEVELOMENT\API_REST_CURSOSACADEMICOS\API_REST_CURSOSACADEMICOS.Tests\Controllers\Docentes\DocentesControllerAsistenciaTests.cs(238,36): error CS0246: El nombre del tipo o del espacio de nombres 'AsistenciaIndividualDto' no se encontró (¿falta una directiva using o una referencia de ensamblado?) [C:\Users\cater\Downloads\DOCKER CONTENEDOR\BACKEND_DEVELOMENT\API_REST_CURSOSACADEMICOS\API_REST_CURSOSACADEMICOS.Tests\API_REST_CURSOSACADEMICOS.Tests.csproj]
C:\Users\cater\Downloads\DOCKER CONTENEDOR\BACKEND_DEVELOMENT\API_REST_CURSOSACADEMICOS\API_REST_CURSOSACADEMICOS.Tests\Controllers\Estudiantes\EstudiantesControllerMeritoTests.cs(153,53): warning CS8604: Posible argumento de referencia nulo para el parámetro "source" en "int Enumerable.Count<string>(IEnumerable<string> source)". [C:\Users\cater\Downloads\DOCKER CONTENEDOR\BACKEND_DEVELOMENT\API_REST_CURSOSACADEMICOS\API_REST_CURSOSACADEMICOS.Tests\API_REST_CURSOSACADEMICOS.Tests.csproj]
C:\Users\cater\Downloads\DOCKER CONTENEDOR\BACKEND_DEVELOMENT\API_REST_CURSOSACADEMICOS\API_REST_CURSOSACADEMICOS.Tests\Controllers\Health\HealthControllerLiveTests.cs(109,48): error CS1061: "AndConstraint<NullableNumericAssertions<int>>" no contiene una definición para "Or" ni un método de extensión accesible "Or" que acepte un primer argumento del tipo "AndConstraint<NullableNumericAssertions<int>>" (¿falta alguna directiva using o una referencia de ensamblado?) [C:\Users\cater\Downloads\DOCKER CONTENEDOR\BACKEND_DEVELOMENT\API_REST_CURSOSACADEMICOS\API_REST_CURSOSACADEMICOS.Tests\API_REST_CURSOSACADEMICOS.Tests.csproj]
C:\Users\cater\Downloads\DOCKER CONTENEDOR\BACKEND_DEVELOMENT\API_REST_CURSOSACADEMICOS\API_REST_CURSOSACADEMICOS.Tests\Controllers\Estudiantes\EstudiantesControllerPerfilUpdateTests.cs(246,57): error CS1503: Argumento 1: no se puede convertir de 'API_REST_CURSOSACADEMICOS.Tests.Controllers.Estudiantes.ActualizarPerfilDto' a 'API_REST_CURSOSACADEMICOS.DTOs.ActualizarPerfilDto' [C:\Users\cater\Downloads\DOCKER CONTENEDOR\BACKEND_DEVELOMENT\API_REST_CURSOSACADEMICOS\API_REST_CURSOSACADEMICOS.Tests\API_REST_CURSOSACADEMICOS.Tests.csproj]
C:\Users\cater\Downloads\DOCKER CONTENEDOR\BACKEND_DEVELOMENT\API_REST_CURSOSACADEMICOS\API_REST_CURSOSACADEMICOS.Tests\Controllers\Estudiantes\EstudiantesControllerPerfilUpdateTests.cs(273,57): error CS1503: Argumento 1: no se puede convertir de 'API_REST_CURSOSACADEMICOS.Tests.Controllers.Estudiantes.ActualizarPerfilDto' a 'API_REST_CURSOSACADEMICOS.DTOs.ActualizarPerfilDto' [C:\Users\cater\Downloads\DOCKER CONTENEDOR\BACKEND_DEVELOMENT\API_REST_CURSOSACADEMICOS\API_REST_CURSOSACADEMICOS.Tests\API_REST_CURSOSACADEMICOS.Tests.csproj]
C:\Users\cater\Downloads\DOCKER CONTENEDOR\BACKEND_DEVELOMENT\API_REST_CURSOSACADEMICOS\API_REST_CURSOSACADEMICOS.Tests\Controllers\Estudiantes\EstudiantesControllerPerfilUpdateTests.cs(307,57): error CS1503: Argumento 1: no se puede convertir de 'API_REST_CURSOSACADEMICOS.Tests.Controllers.Estudiantes.ActualizarPerfilDto' a 'API_REST_CURSOSACADEMICOS.DTOs.ActualizarPerfilDto' [C:\Users\cater\Downloads\DOCKER CONTENEDOR\BACKEND_DEVELOMENT\API_REST_CURSOSACADEMICOS\API_REST_CURSOSACADEMICOS.Tests\API_REST_CURSOSACADEMICOS.Tests.csproj]
C:\Users\cater\Downloads\DOCKER CONTENEDOR\BACKEND_DEVELOMENT\API_REST_CURSOSACADEMICOS\API_REST_CURSOSACADEMICOS.Tests\Controllers\Asistencias\AsistenciasControllerReportesTests.cs(205,13): error CS1739: La mejor sobrecarga para 'GetHistorialAsistencias' no tiene un parámetro denominado 'pagina' [C:\Users\cater\Downloads\DOCKER CONTENEDOR\BACKEND_DEVELOMENT\API_REST_CURSOSACADEMICOS\API_REST_CURSOSACADEMICOS.Tests\API_REST_CURSOSACADEMICOS.Tests.csproj]
C:\Users\cater\Downloads\DOCKER CONTENEDOR\BACKEND_DEVELOMENT\API_REST_CURSOSACADEMICOS\API_REST_CURSOSACADEMICOS.Tests\Controllers\Estudiantes\EstudiantesControllerPerfilUpdateTests.cs(334,57): error CS1503: Argumento 1: no se puede convertir de 'API_REST_CURSOSACADEMICOS.Tests.Controllers.Estudiantes.ActualizarPerfilDto' a 'API_REST_CURSOSACADEMICOS.DTOs.ActualizarPerfilDto' [C:\Users\cater\Downloads\DOCKER CONTENEDOR\BACKEND_DEVELOMENT\API_REST_CURSOSACADEMICOS\API_REST_CURSOSACADEMICOS.Tests\API_REST_CURSOSACADEMICOS.Tests.csproj]
C:\Users\cater\Downloads\DOCKER CONTENEDOR\BACKEND_DEVELOMENT\API_REST_CURSOSACADEMICOS\API_REST_CURSOSACADEMICOS.Tests\Controllers\Estudiantes\EstudiantesControllerMeritoTests.cs(269,13): error CS0117: 'Usuario' no contiene una definición para 'Correo' [C:\Users\cater\Downloads\DOCKER CONTENEDOR\BACKEND_DEVELOMENT\API_REST_CURSOSACADEMICOS\API_REST_CURSOSACADEMICOS.Tests\API_REST_CURSOSACADEMICOS.Tests.csproj]
C:\Users\cater\Downloads\DOCKER CONTENEDOR\BACKEND_DEVELOMENT\API_REST_CURSOSACADEMICOS\API_REST_CURSOSACADEMICOS.Tests\Controllers\Estudiantes\EstudiantesControllerPerfilUpdateTests.cs(357,17): error CS0117: 'RegistroNotasDto' no contiene una definición para 'PromedioGeneral' [C:\Users\cater\Downloads\DOCKER CONTENEDOR\BACKEND_DEVELOMENT\API_REST_CURSOSACADEMICOS\API_REST_CURSOSACADEMICOS.Tests\API_REST_CURSOSACADEMICOS.Tests.csproj]
C:\Users\cater\Downloads\DOCKER CONTENEDOR\BACKEND_DEVELOMENT\API_REST_CURSOSACADEMICOS\API_REST_CURSOSACADEMICOS.Tests\Controllers\Estudiantes\EstudiantesControllerPerfilUpdateTests.cs(358,17): error CS0117: 'RegistroNotasDto' no contiene una definición para 'TotalCreditos' [C:\Users\cater\Downloads\DOCKER CONTENEDOR\BACKEND_DEVELOMENT\API_REST_CURSOSACADEMICOS\API_REST_CURSOSACADEMICOS.Tests\API_REST_CURSOSACADEMICOS.Tests.csproj]
C:\Users\cater\Downloads\DOCKER CONTENEDOR\BACKEND_DEVELOMENT\API_REST_CURSOSACADEMICOS\API_REST_CURSOSACADEMICOS.Tests\Controllers\Asistencias\AsistenciasControllerReportesTests.cs(232,13): error CS1739: La mejor sobrecarga para 'GetHistorialAsistencias' no tiene un parámetro denominado 'pagina' [C:\Users\cater\Downloads\DOCKER CONTENEDOR\BACKEND_DEVELOMENT\API_REST_CURSOSACADEMICOS\API_REST_CURSOSACADEMICOS.Tests\API_REST_CURSOSACADEMICOS.Tests.csproj]
C:\Users\cater\Downloads\DOCKER CONTENEDOR\BACKEND_DEVELOMENT\API_REST_CURSOSACADEMICOS\API_REST_CURSOSACADEMICOS.Tests\Controllers\Estudiantes\EstudiantesControllerPerfilUpdateTests.cs(395,13): error CS0117: 'SemestreRegistroDto' no contiene una definición para 'NombrePeriodo' [C:\Users\cater\Downloads\DOCKER CONTENEDOR\BACKEND_DEVELOMENT\API_REST_CURSOSACADEMICOS\API_REST_CURSOSACADEMICOS.Tests\API_REST_CURSOSACADEMICOS.Tests.csproj]
C:\Users\cater\Downloads\DOCKER CONTENEDOR\BACKEND_DEVELOMENT\API_REST_CURSOSACADEMICOS\API_REST_CURSOSACADEMICOS.Tests\Controllers\Estudiantes\EstudiantesControllerPerfilUpdateTests.cs(396,13): error CS0117: 'SemestreRegistroDto' no contiene una definición para 'PromedioSemestral' [C:\Users\cater\Downloads\DOCKER CONTENEDOR\BACKEND_DEVELOMENT\API_REST_CURSOSACADEMICOS\API_REST_CURSOSACADEMICOS.Tests\API_REST_CURSOSACADEMICOS.Tests.csproj]
C:\Users\cater\Downloads\DOCKER CONTENEDOR\BACKEND_DEVELOMENT\API_REST_CURSOSACADEMICOS\API_REST_CURSOSACADEMICOS.Tests\Controllers\Estudiantes\EstudiantesControllerPerfilUpdateTests.cs(397,13): error CS0117: 'SemestreRegistroDto' no contiene una definición para 'CreditosSemestre' [C:\Users\cater\Downloads\DOCKER CONTENEDOR\BACKEND_DEVELOMENT\API_REST_CURSOSACADEMICOS\API_REST_CURSOSACADEMICOS.Tests\API_REST_CURSOSACADEMICOS.Tests.csproj]
C:\Users\cater\Downloads\DOCKER CONTENEDOR\BACKEND_DEVELOMENT\API_REST_CURSOSACADEMICOS\API_REST_CURSOSACADEMICOS.Tests\Controllers\Asistencias\AsistenciasControllerReportesTests.cs(267,24): error CS0039: No se puede convertir el tipo 'Microsoft.AspNetCore.Mvc.ActionResult<API_REST_CURSOSACADEMICOS.DTOs.EstadisticasAsistenciaEstudianteDto>' en 'Microsoft.AspNetCore.Mvc.OkObjectResult' mediante una conversión de referencia, boxing, unboxing, de ajuste del texto o de tipo NULL [C:\Users\cater\Downloads\DOCKER CONTENEDOR\BACKEND_DEVELOMENT\API_REST_CURSOSACADEMICOS\API_REST_CURSOSACADEMICOS.Tests\API_REST_CURSOSACADEMICOS.Tests.csproj]
C:\Users\cater\Downloads\DOCKER CONTENEDOR\BACKEND_DEVELOMENT\API_REST_CURSOSACADEMICOS\API_REST_CURSOSACADEMICOS.Tests\Controllers\Asistencias\AsistenciasControllerReportesTests.cs(319,24): error CS0039: No se puede convertir el tipo 'Microsoft.AspNetCore.Mvc.ActionResult<System.Collections.Generic.List<API_REST_CURSOSACADEMICOS.DTOs.TendenciaAsistenciaDto>>' en 'Microsoft.AspNetCore.Mvc.OkObjectResult' mediante una conversión de referencia, boxing, unboxing, de ajuste del texto o de tipo NULL [C:\Users\cater\Downloads\DOCKER CONTENEDOR\BACKEND_DEVELOMENT\API_REST_CURSOSACADEMICOS\API_REST_CURSOSACADEMICOS.Tests\API_REST_CURSOSACADEMICOS.Tests.csproj]
C:\Users\cater\Downloads\DOCKER CONTENEDOR\BACKEND_DEVELOMENT\API_REST_CURSOSACADEMICOS\API_REST_CURSOSACADEMICOS.Tests\Controllers\Asistencias\AsistenciasControllerReportesTests.cs(378,24): error CS0039: No se puede convertir el tipo 'Microsoft.AspNetCore.Mvc.ActionResult<decimal>' en 'Microsoft.AspNetCore.Mvc.OkObjectResult' mediante una conversión de referencia, boxing, unboxing, de ajuste del texto o de tipo NULL [C:\Users\cater\Downloads\DOCKER CONTENEDOR\BACKEND_DEVELOMENT\API_REST_CURSOSACADEMICOS\API_REST_CURSOSACADEMICOS.Tests\API_REST_CURSOSACADEMICOS.Tests.csproj]

ERROR al compilar.

C:\Users\cater\Downloads\DOCKER CONTENEDOR\BACKEND_DEVELOMENT\API_REST_CURSOSACADEMICOS\API_REST_CURSOSACADEMICOS.Tests\Controllers\Estudiantes\EstudiantesControllerMeritoTests.cs(153,53): warning CS8604: Posible argumento de referencia nulo para el parámetro "source" en "int Enumerable.Count<string>(IEnumerable<string> source)". [C:\Users\cater\Downloads\DOCKER CONTENEDOR\BACKEND_DEVELOMENT\API_REST_CURSOSACADEMICOS\API_REST_CURSOSACADEMICOS.Tests\API_REST_CURSOSACADEMICOS.Tests.csproj]
C:\Users\cater\Downloads\DOCKER CONTENEDOR\BACKEND_DEVELOMENT\API_REST_CURSOSACADEMICOS\API_REST_CURSOSACADEMICOS.Tests\Controllers\Estudiantes\EstudiantesControllerMeritoTests.cs(63,35): error CS0117: 'Usuario' no contiene una definición para 'Correo' [C:\Users\cater\Downloads\DOCKER CONTENEDOR\BACKEND_DEVELOMENT\API_REST_CURSOSACADEMICOS\API_REST_CURSOSACADEMICOS.Tests\API_REST_CURSOSACADEMICOS.Tests.csproj]
C:\Users\cater\Downloads\DOCKER CONTENEDOR\BACKEND_DEVELOMENT\API_REST_CURSOSACADEMICOS\API_REST_CURSOSACADEMICOS.Tests\Controllers\Estudiantes\EstudiantesControllerMeritoTests.cs(64,35): error CS0117: 'Usuario' no contiene una definición para 'Correo' [C:\Users\cater\Downloads\DOCKER CONTENEDOR\BACKEND_DEVELOMENT\API_REST_CURSOSACADEMICOS\API_REST_CURSOSACADEMICOS.Tests\API_REST_CURSOSACADEMICOS.Tests.csproj]
C:\Users\cater\Downloads\DOCKER CONTENEDOR\BACKEND_DEVELOMENT\API_REST_CURSOSACADEMICOS\API_REST_CURSOSACADEMICOS.Tests\Controllers\Estudiantes\EstudiantesControllerMeritoTests.cs(65,35): error CS0117: 'Usuario' no contiene una definición para 'Correo' [C:\Users\cater\Downloads\DOCKER CONTENEDOR\BACKEND_DEVELOMENT\API_REST_CURSOSACADEMICOS\API_REST_CURSOSACADEMICOS.Tests\API_REST_CURSOSACADEMICOS.Tests.csproj]
C:\Users\cater\Downloads\DOCKER CONTENEDOR\BACKEND_DEVELOMENT\API_REST_CURSOSACADEMICOS\API_REST_CURSOSACADEMICOS.Tests\Controllers\Estudiantes\EstudiantesControllerPerfilUpdateTests.cs(68,13): error CS0117: 'Usuario' no contiene una definición para 'Correo' [C:\Users\cater\Downloads\DOCKER CONTENEDOR\BACKEND_DEVELOMENT\API_REST_CURSOSACADEMICOS\API_REST_CURSOSACADEMICOS.Tests\API_REST_CURSOSACADEMICOS.Tests.csproj]
C:\Users\cater\Downloads\DOCKER CONTENEDOR\BACKEND_DEVELOMENT\API_REST_CURSOSACADEMICOS\API_REST_CURSOSACADEMICOS.Tests\Controllers\Estudiantes\EstudiantesControllerPrerequisitosTests.cs(67,13): error CS0117: 'Usuario' no contiene una definición para 'Correo' [C:\Users\cater\Downloads\DOCKER CONTENEDOR\BACKEND_DEVELOMENT\API_REST_CURSOSACADEMICOS\API_REST_CURSOSACADEMICOS.Tests\API_REST_CURSOSACADEMICOS.Tests.csproj]
C:\Users\cater\Downloads\DOCKER CONTENEDOR\BACKEND_DEVELOMENT\API_REST_CURSOSACADEMICOS\API_REST_CURSOSACADEMICOS.Tests\Controllers\Estudiantes\EstudiantesControllerPerfilUpdateTests.cs(108,58): error CS1503: Argumento 1: no se puede convertir de 'API_REST_CURSOSACADEMICOS.Tests.Controllers.Estudiantes.CambiarContrasenaDto' a 'API_REST_CURSOSACADEMICOS.DTOs.CambiarContrasenaDto' [C:\Users\cater\Downloads\DOCKER CONTENEDOR\BACKEND_DEVELOMENT\API_REST_CURSOSACADEMICOS\API_REST_CURSOSACADEMICOS.Tests\API_REST_CURSOSACADEMICOS.Tests.csproj]
C:\Users\cater\Downloads\DOCKER CONTENEDOR\BACKEND_DEVELOMENT\API_REST_CURSOSACADEMICOS\API_REST_CURSOSACADEMICOS.Tests\Controllers\Estudiantes\EstudiantesControllerPerfilUpdateTests.cs(131,58): error CS1503: Argumento 1: no se puede convertir de 'API_REST_CURSOSACADEMICOS.Tests.Controllers.Estudiantes.CambiarContrasenaDto' a 'API_REST_CURSOSACADEMICOS.DTOs.CambiarContrasenaDto' [C:\Users\cater\Downloads\DOCKER CONTENEDOR\BACKEND_DEVELOMENT\API_REST_CURSOSACADEMICOS\API_REST_CURSOSACADEMICOS.Tests\API_REST_CURSOSACADEMICOS.Tests.csproj]
C:\Users\cater\Downloads\DOCKER CONTENEDOR\BACKEND_DEVELOMENT\API_REST_CURSOSACADEMICOS\API_REST_CURSOSACADEMICOS.Tests\Controllers\Estudiantes\EstudiantesControllerPerfilUpdateTests.cs(150,58): error CS1503: Argumento 1: no se puede convertir de 'API_REST_CURSOSACADEMICOS.Tests.Controllers.Estudiantes.CambiarContrasenaDto' a 'API_REST_CURSOSACADEMICOS.DTOs.CambiarContrasenaDto' [C:\Users\cater\Downloads\DOCKER CONTENEDOR\BACKEND_DEVELOMENT\API_REST_CURSOSACADEMICOS\API_REST_CURSOSACADEMICOS.Tests\API_REST_CURSOSACADEMICOS.Tests.csproj]
C:\Users\cater\Downloads\DOCKER CONTENEDOR\BACKEND_DEVELOMENT\API_REST_CURSOSACADEMICOS\API_REST_CURSOSACADEMICOS.Tests\Controllers\Estudiantes\EstudiantesControllerPerfilUpdateTests.cs(169,58): error CS1503: Argumento 1: no se puede convertir de 'API_REST_CURSOSACADEMICOS.Tests.Controllers.Estudiantes.CambiarContrasenaDto' a 'API_REST_CURSOSACADEMICOS.DTOs.CambiarContrasenaDto' [C:\Users\cater\Downloads\DOCKER CONTENEDOR\BACKEND_DEVELOMENT\API_REST_CURSOSACADEMICOS\API_REST_CURSOSACADEMICOS.Tests\API_REST_CURSOSACADEMICOS.Tests.csproj]
C:\Users\cater\Downloads\DOCKER CONTENEDOR\BACKEND_DEVELOMENT\API_REST_CURSOSACADEMICOS\API_REST_CURSOSACADEMICOS.Tests\Controllers\Docentes\DocentesControllerAsistenciaTests.cs(206,36): error CS0246: El nombre del tipo o del espacio de nombres 'AsistenciaIndividualDto' no se encontró (¿falta una directiva using o una referencia de ensamblado?) [C:\Users\cater\Downloads\DOCKER CONTENEDOR\BACKEND_DEVELOMENT\API_REST_CURSOSACADEMICOS\API_REST_CURSOSACADEMICOS.Tests\API_REST_CURSOSACADEMICOS.Tests.csproj]
C:\Users\cater\Downloads\DOCKER CONTENEDOR\BACKEND_DEVELOMENT\API_REST_CURSOSACADEMICOS\API_REST_CURSOSACADEMICOS.Tests\Controllers\Estudiantes\EstudiantesControllerPerfilUpdateTests.cs(188,58): error CS1503: Argumento 1: no se puede convertir de 'API_REST_CURSOSACADEMICOS.Tests.Controllers.Estudiantes.CambiarContrasenaDto' a 'API_REST_CURSOSACADEMICOS.DTOs.CambiarContrasenaDto' [C:\Users\cater\Downloads\DOCKER CONTENEDOR\BACKEND_DEVELOMENT\API_REST_CURSOSACADEMICOS\API_REST_CURSOSACADEMICOS.Tests\API_REST_CURSOSACADEMICOS.Tests.csproj]
C:\Users\cater\Downloads\DOCKER CONTENEDOR\BACKEND_DEVELOMENT\API_REST_CURSOSACADEMICOS\API_REST_CURSOSACADEMICOS.Tests\Controllers\Estudiantes\EstudiantesControllerPerfilUpdateTests.cs(207,58): error CS1503: Argumento 1: no se puede convertir de 'API_REST_CURSOSACADEMICOS.Tests.Controllers.Estudiantes.CambiarContrasenaDto' a 'API_REST_CURSOSACADEMICOS.DTOs.CambiarContrasenaDto' [C:\Users\cater\Downloads\DOCKER CONTENEDOR\BACKEND_DEVELOMENT\API_REST_CURSOSACADEMICOS\API_REST_CURSOSACADEMICOS.Tests\API_REST_CURSOSACADEMICOS.Tests.csproj]
C:\Users\cater\Downloads\DOCKER CONTENEDOR\BACKEND_DEVELOMENT\API_REST_CURSOSACADEMICOS\API_REST_CURSOSACADEMICOS.Tests\Controllers\Docentes\DocentesControllerAsistenciaTests.cs(238,36): error CS0246: El nombre del tipo o del espacio de nombres 'AsistenciaIndividualDto' no se encontró (¿falta una directiva using o una referencia de ensamblado?) [C:\Users\cater\Downloads\DOCKER CONTENEDOR\BACKEND_DEVELOMENT\API_REST_CURSOSACADEMICOS\API_REST_CURSOSACADEMICOS.Tests\API_REST_CURSOSACADEMICOS.Tests.csproj]
C:\Users\cater\Downloads\DOCKER CONTENEDOR\BACKEND_DEVELOMENT\API_REST_CURSOSACADEMICOS\API_REST_CURSOSACADEMICOS.Tests\Controllers\Health\HealthControllerLiveTests.cs(109,48): error CS1061: "AndConstraint<NullableNumericAssertions<int>>" no contiene una definición para "Or" ni un método de extensión accesible "Or" que acepte un primer argumento del tipo "AndConstraint<NullableNumericAssertions<int>>" (¿falta alguna directiva using o una referencia de ensamblado?) [C:\Users\cater\Downloads\DOCKER CONTENEDOR\BACKEND_DEVELOMENT\API_REST_CURSOSACADEMICOS\API_REST_CURSOSACADEMICOS.Tests\API_REST_CURSOSACADEMICOS.Tests.csproj]
C:\Users\cater\Downloads\DOCKER CONTENEDOR\BACKEND_DEVELOMENT\API_REST_CURSOSACADEMICOS\API_REST_CURSOSACADEMICOS.Tests\Controllers\Estudiantes\EstudiantesControllerPerfilUpdateTests.cs(246,57): error CS1503: Argumento 1: no se puede convertir de 'API_REST_CURSOSACADEMICOS.Tests.Controllers.Estudiantes.ActualizarPerfilDto' a 'API_REST_CURSOSACADEMICOS.DTOs.ActualizarPerfilDto' [C:\Users\cater\Downloads\DOCKER CONTENEDOR\BACKEND_DEVELOMENT\API_REST_CURSOSACADEMICOS\API_REST_CURSOSACADEMICOS.Tests\API_REST_CURSOSACADEMICOS.Tests.csproj]
C:\Users\cater\Downloads\DOCKER CONTENEDOR\BACKEND_DEVELOMENT\API_REST_CURSOSACADEMICOS\API_REST_CURSOSACADEMICOS.Tests\Controllers\Estudiantes\EstudiantesControllerPerfilUpdateTests.cs(273,57): error CS1503: Argumento 1: no se puede convertir de 'API_REST_CURSOSACADEMICOS.Tests.Controllers.Estudiantes.ActualizarPerfilDto' a 'API_REST_CURSOSACADEMICOS.DTOs.ActualizarPerfilDto' [C:\Users\cater\Downloads\DOCKER CONTENEDOR\BACKEND_DEVELOMENT\API_REST_CURSOSACADEMICOS\API_REST_CURSOSACADEMICOS.Tests\API_REST_CURSOSACADEMICOS.Tests.csproj]
C:\Users\cater\Downloads\DOCKER CONTENEDOR\BACKEND_DEVELOMENT\API_REST_CURSOSACADEMICOS\API_REST_CURSOSACADEMICOS.Tests\Controllers\Estudiantes\EstudiantesControllerPerfilUpdateTests.cs(307,57): error CS1503: Argumento 1: no se puede convertir de 'API_REST_CURSOSACADEMICOS.Tests.Controllers.Estudiantes.ActualizarPerfilDto' a 'API_REST_CURSOSACADEMICOS.DTOs.ActualizarPerfilDto' [C:\Users\cater\Downloads\DOCKER CONTENEDOR\BACKEND_DEVELOMENT\API_REST_CURSOSACADEMICOS\API_REST_CURSOSACADEMICOS.Tests\API_REST_CURSOSACADEMICOS.Tests.csproj]
C:\Users\cater\Downloads\DOCKER CONTENEDOR\BACKEND_DEVELOMENT\API_REST_CURSOSACADEMICOS\API_REST_CURSOSACADEMICOS.Tests\Controllers\Asistencias\AsistenciasControllerReportesTests.cs(205,13): error CS1739: La mejor sobrecarga para 'GetHistorialAsistencias' no tiene un parámetro denominado 'pagina' [C:\Users\cater\Downloads\DOCKER CONTENEDOR\BACKEND_DEVELOMENT\API_REST_CURSOSACADEMICOS\API_REST_CURSOSACADEMICOS.Tests\API_REST_CURSOSACADEMICOS.Tests.csproj]
C:\Users\cater\Downloads\DOCKER CONTENEDOR\BACKEND_DEVELOMENT\API_REST_CURSOSACADEMICOS\API_REST_CURSOSACADEMICOS.Tests\Controllers\Estudiantes\EstudiantesControllerPerfilUpdateTests.cs(334,57): error CS1503: Argumento 1: no se puede convertir de 'API_REST_CURSOSACADEMICOS.Tests.Controllers.Estudiantes.ActualizarPerfilDto' a 'API_REST_CURSOSACADEMICOS.DTOs.ActualizarPerfilDto' [C:\Users\cater\Downloads\DOCKER CONTENEDOR\BACKEND_DEVELOMENT\API_REST_CURSOSACADEMICOS\API_REST_CURSOSACADEMICOS.Tests\API_REST_CURSOSACADEMICOS.Tests.csproj]
C:\Users\cater\Downloads\DOCKER CONTENEDOR\BACKEND_DEVELOMENT\API_REST_CURSOSACADEMICOS\API_REST_CURSOSACADEMICOS.Tests\Controllers\Estudiantes\EstudiantesControllerMeritoTests.cs(269,13): error CS0117: 'Usuario' no contiene una definición para 'Correo' [C:\Users\cater\Downloads\DOCKER CONTENEDOR\BACKEND_DEVELOMENT\API_REST_CURSOSACADEMICOS\API_REST_CURSOSACADEMICOS.Tests\API_REST_CURSOSACADEMICOS.Tests.csproj]
C:\Users\cater\Downloads\DOCKER CONTENEDOR\BACKEND_DEVELOMENT\API_REST_CURSOSACADEMICOS\API_REST_CURSOSACADEMICOS.Tests\Controllers\Estudiantes\EstudiantesControllerPerfilUpdateTests.cs(357,17): error CS0117: 'RegistroNotasDto' no contiene una definición para 'PromedioGeneral' [C:\Users\cater\Downloads\DOCKER CONTENEDOR\BACKEND_DEVELOMENT\API_REST_CURSOSACADEMICOS\API_REST_CURSOSACADEMICOS.Tests\API_REST_CURSOSACADEMICOS.Tests.csproj]
C:\Users\cater\Downloads\DOCKER CONTENEDOR\BACKEND_DEVELOMENT\API_REST_CURSOSACADEMICOS\API_REST_CURSOSACADEMICOS.Tests\Controllers\Estudiantes\EstudiantesControllerPerfilUpdateTests.cs(358,17): error CS0117: 'RegistroNotasDto' no contiene una definición para 'TotalCreditos' [C:\Users\cater\Downloads\DOCKER CONTENEDOR\BACKEND_DEVELOMENT\API_REST_CURSOSACADEMICOS\API_REST_CURSOSACADEMICOS.Tests\API_REST_CURSOSACADEMICOS.Tests.csproj]
C:\Users\cater\Downloads\DOCKER CONTENEDOR\BACKEND_DEVELOMENT\API_REST_CURSOSACADEMICOS\API_REST_CURSOSACADEMICOS.Tests\Controllers\Asistencias\AsistenciasControllerReportesTests.cs(232,13): error CS1739: La mejor sobrecarga para 'GetHistorialAsistencias' no tiene un parámetro denominado 'pagina' [C:\Users\cater\Downloads\DOCKER CONTENEDOR\BACKEND_DEVELOMENT\API_REST_CURSOSACADEMICOS\API_REST_CURSOSACADEMICOS.Tests\API_REST_CURSOSACADEMICOS.Tests.csproj]
C:\Users\cater\Downloads\DOCKER CONTENEDOR\BACKEND_DEVELOMENT\API_REST_CURSOSACADEMICOS\API_REST_CURSOSACADEMICOS.Tests\Controllers\Estudiantes\EstudiantesControllerPerfilUpdateTests.cs(395,13): error CS0117: 'SemestreRegistroDto' no contiene una definición para 'NombrePeriodo' [C:\Users\cater\Downloads\DOCKER CONTENEDOR\BACKEND_DEVELOMENT\API_REST_CURSOSACADEMICOS\API_REST_CURSOSACADEMICOS.Tests\API_REST_CURSOSACADEMICOS.Tests.csproj]
C:\Users\cater\Downloads\DOCKER CONTENEDOR\BACKEND_DEVELOMENT\API_REST_CURSOSACADEMICOS\API_REST_CURSOSACADEMICOS.Tests\Controllers\Estudiantes\EstudiantesControllerPerfilUpdateTests.cs(396,13): error CS0117: 'SemestreRegistroDto' no contiene una definición para 'PromedioSemestral' [C:\Users\cater\Downloads\DOCKER CONTENEDOR\BACKEND_DEVELOMENT\API_REST_CURSOSACADEMICOS\API_REST_CURSOSACADEMICOS.Tests\API_REST_CURSOSACADEMICOS.Tests.csproj]
C:\Users\cater\Downloads\DOCKER CONTENEDOR\BACKEND_DEVELOMENT\API_REST_CURSOSACADEMICOS\API_REST_CURSOSACADEMICOS.Tests\Controllers\Estudiantes\EstudiantesControllerPerfilUpdateTests.cs(397,13): error CS0117: 'SemestreRegistroDto' no contiene una definición para 'CreditosSemestre' [C:\Users\cater\Downloads\DOCKER CONTENEDOR\BACKEND_DEVELOMENT\API_REST_CURSOSACADEMICOS\API_REST_CURSOSACADEMICOS.Tests\API_REST_CURSOSACADEMICOS.Tests.csproj]
C:\Users\cater\Downloads\DOCKER CONTENEDOR\BACKEND_DEVELOMENT\API_REST_CURSOSACADEMICOS\API_REST_CURSOSACADEMICOS.Tests\Controllers\Asistencias\AsistenciasControllerReportesTests.cs(267,24): error CS0039: No se puede convertir el tipo 'Microsoft.AspNetCore.Mvc.ActionResult<API_REST_CURSOSACADEMICOS.DTOs.EstadisticasAsistenciaEstudianteDto>' en 'Microsoft.AspNetCore.Mvc.OkObjectResult' mediante una conversión de referencia, boxing, unboxing, de ajuste del texto o de tipo NULL [C:\Users\cater\Downloads\DOCKER CONTENEDOR\BACKEND_DEVELOMENT\API_REST_CURSOSACADEMICOS\API_REST_CURSOSACADEMICOS.Tests\API_REST_CURSOSACADEMICOS.Tests.csproj]
C:\Users\cater\Downloads\DOCKER CONTENEDOR\BACKEND_DEVELOMENT\API_REST_CURSOSACADEMICOS\API_REST_CURSOSACADEMICOS.Tests\Controllers\Asistencias\AsistenciasControllerReportesTests.cs(319,24): error CS0039: No se puede convertir el tipo 'Microsoft.AspNetCore.Mvc.ActionResult<System.Collections.Generic.List<API_REST_CURSOSACADEMICOS.DTOs.TendenciaAsistenciaDto>>' en 'Microsoft.AspNetCore.Mvc.OkObjectResult' mediante una conversión de referencia, boxing, unboxing, de ajuste del texto o de tipo NULL [C:\Users\cater\Downloads\DOCKER CONTENEDOR\BACKEND_DEVELOMENT\API_REST_CURSOSACADEMICOS\API_REST_CURSOSACADEMICOS.Tests\API_REST_CURSOSACADEMICOS.Tests.csproj]
C:\Users\cater\Downloads\DOCKER CONTENEDOR\BACKEND_DEVELOMENT\API_REST_CURSOSACADEMICOS\API_REST_CURSOSACADEMICOS.Tests\Controllers\Asistencias\AsistenciasControllerReportesTests.cs(378,24): error CS0039: No se puede convertir el tipo 'Microsoft.AspNetCore.Mvc.ActionResult<decimal>' en 'Microsoft.AspNetCore.Mvc.OkObjectResult' mediante una conversión de referencia, boxing, unboxing, de ajuste del texto o de tipo NULL [C:\Users\cater\Downloads\DOCKER CONTENEDOR\BACKEND_DEVELOMENT\API_REST_CURSOSACADEMICOS\API_REST_CURSOSACADEMICOS.Tests\API_REST_CURSOSACADEMICOS.Tests.csproj]
    1 Advertencia(s)
    29 Errores

Tiempo transcurrido 00:00:04.59
